<?xml version="1.0" encoding="UTF-8"?>
<testsuite name="CircularBufferTest" tests="4" skipped="0" failures="0" errors="0" timestamp="2020-06-24T02:49:20" hostname="Vitaliis-MacBook-Pro.local" time="0.001">
  <properties/>
  <testcase name="shouldOfferPollableElement" classname="CircularBufferTest" time="0.0"/>
  <testcase name="shouldNotOfferWhenBufferIsFull" classname="CircularBufferTest" time="0.0"/>
  <testcase name="shouldNotPollWhenBufferIsEmpty" classname="CircularBufferTest" time="0.0"/>
  <testcase name="shouldRecycleBuffer" classname="CircularBufferTest" time="0.0"/>
  <system-out><![CDATA[]]></system-out>
  <system-err><![CDATA[]]></system-err>
</testsuite>
