<?xml version="1.0" encoding="UTF-8"?>
<testsuite name="SortedPairTest" tests="1" skipped="0" failures="0" errors="0" timestamp="2020-06-25T05:12:29" hostname="Vitaliis-MacBook-Pro.local" time="0.001">
  <properties/>
  <testcase name="shouldFlipOrderOfMisorderedPair" classname="SortedPairTest" time="0.001"/>
  <system-out><![CDATA[]]></system-out>
  <system-err><![CDATA[]]></system-err>
</testsuite>
