<?xml version="1.0" encoding="UTF-8"?>
<testsuite name="GenericCircularBufferTest" tests="1" skipped="0" failures="0" errors="0" timestamp="2020-06-24T03:42:03" hostname="Vitaliis-MacBook-Pro.local" time="0.0">
  <properties/>
  <testcase name="shouldOfferPollableElement" classname="GenericCircularBufferTest" time="0.0"/>
  <system-out><![CDATA[]]></system-out>
  <system-err><![CDATA[]]></system-err>
</testsuite>
