<?xml version="1.0" encoding="UTF-8"?>
<testsuite name="PersonStorageTest" tests="6" skipped="0" failures="0" errors="0" timestamp="2020-06-26T00:38:01" hostname="Vitaliis-MacBook-Pro.local" time="0.01">
  <properties/>
  <testcase name="savesArraysOfPeople" classname="PersonStorageTest" time="0.004"/>
  <testcase name="savesListsOfPeople" classname="PersonStorageTest" time="0.001"/>
  <testcase name="savesAndLoadsTwoPeople" classname="PersonStorageTest" time="0.0"/>
  <testcase name="loadsListsOfPeople" classname="PersonStorageTest" time="0.001"/>
  <testcase name="cannotLoadFromEmptyFile" classname="PersonStorageTest" time="0.001"/>
  <testcase name="savesAndLoadsPerson" classname="PersonStorageTest" time="0.001"/>
  <system-out><![CDATA[]]></system-out>
  <system-err><![CDATA[]]></system-err>
</testsuite>
